<?xml version="1.0" encoding="UTF-8"?>
<testng-results skipped="0" failed="0" ignored="0" total="1" passed="1">
  <reporter-output>
  </reporter-output>
  <suite name="Suite" duration-ms="6569" started-at="2018-12-05T01:46:05Z" finished-at="2018-12-05T01:46:11Z">
    <groups>
    </groups>
    <test name="Test" duration-ms="6569" started-at="2018-12-05T01:46:05Z" finished-at="2018-12-05T01:46:11Z">
      <class name="com.MavenProject.BaseClass">
        <test-method status="PASS" signature="Start()[pri:0, instance:com.MavenProject.BaseClass@3d99d22e]" name="Start" duration-ms="6546" started-at="2018-12-05T01:46:05Z" finished-at="2018-12-05T01:46:11Z">
          <reporter-output>
          </reporter-output>
        </test-method> <!-- Start -->
      </class> <!-- com.MavenProject.BaseClass -->
    </test> <!-- Test -->
  </suite> <!-- Suite -->
</testng-results>
